[ 2025-04-24 15:02:44,066 ] 23 Training_Pipeline - INFO - Training Pipeline Initialized
[ 2025-04-24 15:02:44,067 ] 25 Training_Pipeline - INFO - Entering Data Ingestion Component
[ 2025-04-24 15:02:44,067 ] 65 Data_Ingestion - INFO - Starting the data loading process
[ 2025-04-24 15:02:44,067 ] 70 Data_Ingestion - INFO - Data Exists in path
[ 2025-04-24 15:02:44,091 ] 72 Data_Ingestion - INFO - Data Loaded
[ 2025-04-24 15:02:44,091 ] 75 Data_Ingestion - INFO - Entering create_artifact method
[ 2025-04-24 15:02:44,091 ] 40 Data_Ingestion - INFO - Creating an artifacts folder
[ 2025-04-24 15:02:44,092 ] 45 Data_Ingestion - INFO - Saving our dataframe to artifacts folder
[ 2025-04-24 15:02:44,117 ] 77 Data_Ingestion - INFO - Exited create_artifact method
[ 2025-04-24 15:02:44,118 ] 79 Data_Ingestion - INFO - Data Loaded and saved
[ 2025-04-24 15:02:44,118 ] 33 Training_Pipeline - INFO - Entering Data Preprocessing Component
[ 2025-04-24 15:02:44,118 ] 172 Data_Preprocessing - INFO - Data Preprocessing Initialized
[ 2025-04-24 15:02:44,118 ] 176 Data_Preprocessing - INFO - Reading our data
[ 2025-04-24 15:02:44,141 ] 178 Data_Preprocessing - INFO - Data Loaded
[ 2025-04-24 15:02:44,141 ] 87 Data_Preprocessing - INFO - Splitting it into training and testing part
[ 2025-04-24 15:02:44,141 ] 48 Data_Preprocessing - INFO - Splitting data into 80/20 part
[ 2025-04-24 15:02:44,143 ] 52 Data_Preprocessing - INFO - Data Splitted
[ 2025-04-24 15:02:44,143 ] 53 Data_Preprocessing - INFO - Saving train and test data to artifacts
[ 2025-04-24 15:02:44,143 ] 56 Data_Preprocessing - INFO - Saving train data to artifact
[ 2025-04-24 15:02:44,160 ] 59 Data_Preprocessing - INFO - Saving test data to artifacts
[ 2025-04-24 15:02:44,165 ] 62 Data_Preprocessing - INFO - train and test data saving done
[ 2025-04-24 15:02:44,165 ] 91 Data_Preprocessing - INFO - Loading train and test data path
[ 2025-04-24 15:02:44,165 ] 93 Data_Preprocessing - INFO - Loading training data path
[ 2025-04-24 15:02:44,185 ] 96 Data_Preprocessing - INFO - Loading testing data path
[ 2025-04-24 15:02:44,199 ] 99 Data_Preprocessing - INFO - Train and Test data loaded
[ 2025-04-24 15:02:44,199 ] 103 Data_Preprocessing - INFO - Splitting training data to dependent and independt feature
[ 2025-04-24 15:02:44,200 ] 106 Data_Preprocessing - INFO - Splitting testing data into dependent and independent feature
[ 2025-04-24 15:02:44,201 ] 109 Data_Preprocessing - INFO - Data Splitting Completed
[ 2025-04-24 15:02:44,202 ] 184 Data_Preprocessing - INFO - Entering get_preprocessor method
[ 2025-04-24 15:02:44,202 ] 136 Data_Preprocessing - INFO - Creating our preprocessors object
[ 2025-04-24 15:02:44,202 ] 138 Data_Preprocessing - INFO - Creating our X_preprocessor
[ 2025-04-24 15:02:44,204 ] 144 Data_Preprocessing - INFO - Creating our y_preprocessor
[ 2025-04-24 15:02:44,205 ] 147 Data_Preprocessing - INFO - Preprocessor Object Created
[ 2025-04-24 15:02:44,205 ] 188 Data_Preprocessing - INFO - Starts preprocessing
[ 2025-04-24 15:02:44,205 ] 190 Data_Preprocessing - INFO - Preprocessing on Independent Data
[ 2025-04-24 15:02:44,214 ] 202 Data_Preprocessing - INFO - Preprocessing on Dependent Features
[ 2025-04-24 15:02:44,215 ] 210 Data_Preprocessing - INFO - All Preprocessing Completed
[ 2025-04-24 15:02:44,215 ] 212 Data_Preprocessing - INFO - Saving our models to model path
[ 2025-04-24 15:02:44,217 ] 41 Training_Pipeline - INFO - Entering Model Training Component
[ 2025-04-24 15:02:44,217 ] 88 Model_Training - INFO - Model Training Started
[ 2025-04-24 15:02:44,217 ] 90 Model_Training - INFO - Getting our model
[ 2025-04-24 15:02:44,218 ] 42 Model_Training - INFO - Building our Neural Network Architecture
[ 2025-04-24 15:02:44,312 ] 56 Model_Training - INFO - Compiling Our Model
[ 2025-04-24 15:02:44,322 ] 64 Model_Training - INFO - Model Builded Successfully
[ 2025-04-24 15:02:44,323 ] 104 Model_Training - INFO - Model training initiated
[ 2025-04-24 15:02:50,303 ] 115 Model_Training - INFO - Model Trained Successfully
[ 2025-04-24 15:02:50,303 ] 117 Model_Training - INFO - Saving our model to path
[ 2025-04-24 15:02:50,304 ] 80 absl - WARNING - You are saving your model as an HDF5 file via `model.save()` or `keras.saving.save_model(model)`. This file format is considered legacy. We recommend using instead the native Keras format, e.g. `model.save('my_model.keras')` or `keras.saving.save_model(model, 'my_model.keras')`. 
[ 2025-04-24 15:02:50,365 ] 123 Model_Training - INFO - Model saved successfully at models/trained_model.h5
[ 2025-04-24 15:02:50,365 ] 128 Model_Training - INFO - Model training related things done successfully
[ 2025-04-24 15:02:50,365 ] 49 Training_Pipeline - INFO - Entering Model Evaluation Component
[ 2025-04-24 15:02:50,365 ] 38 Model_Evaluation - INFO - Evaluating Our Model
[ 2025-04-24 15:02:50,365 ] 40 Model_Evaluation - INFO - Loading Model From Path
[ 2025-04-24 15:02:50,403 ] 256 absl - WARNING - Compiled the loaded model, but the compiled metrics have yet to be built. `model.compile_metrics` will be empty until you train or evaluate the model.
[ 2025-04-24 15:02:50,407 ] 42 Model_Evaluation - INFO - Model Loaded
[ 2025-04-24 15:02:50,407 ] 45 Model_Evaluation - INFO - Evaluating Model On Training Data
[ 2025-04-24 15:02:50,729 ] 49 Model_Evaluation - INFO - Evaluating Model On Testing Data
[ 2025-04-24 15:02:50,932 ] 53 Model_Evaluation - INFO - Experiment Tracking Started
[ 2025-04-24 15:02:50,948 ] 81 Model_Evaluation - ERROR - Invalid value "Model-v0.1" for parameter 'run_id' supplied.
[ 2025-04-24 15:02:50,948 ] 64 Training_Pipeline - ERROR - Error has occured at [c:\new learning\coding projects\smart-career-advisor-ai-project\src\components\model_evaluation.py] at [57] -> Invalid value "Model-v0.1" for parameter 'run_id' supplied.
